94.4 10456.2
94.6 10489.5
94.7 10500.6
94.6 10489.5
94.6 10489.5
94.6 10500.6
94.7 10500.6
94.6 10489.5
94.6 10500.6
94.6 10489.5
684.9 101754
687.8 89355
691 92296.5
686.6 91164.3
688.8 103263
688.4 102875
684.7 86424.6
688.6 105106
686.5 87112.8
688.4 91464
3712.9 462515
3695.6 408269
3702.2 421733
3717.6 433078
3692.9 452336
3734.9 436519
3705.5 443323
3694.2 450427
3717.8 537062
3717.9 431324
6155 716660
6194.1 800554
6079.3 756720
6177.6 698412
6128.9 747274
6202.8 703640
6179 747086
6158.4 723043
6180.9 770495
6197.2 733932
6550.7 821922
6579.9 775857
6570.7 751137
6544.6 799466
6532.6 799200
6577 795692
6549.8 751270
6610.4 764801
6506.8 742823
6592.9 804761
15527.5 1.88996e+06
15375.5 1.75352e+06
15002.8 1.68036e+06
15061 1.75801e+06
15359.7 1.77063e+06
15386.2 1.77528e+06
15108.1 1.76893e+06
15384.8 1777443
15040.9 1.75974e+06
15119.3 1.82532e+06
15178.4 1685313
15212 1.81091e+06
15501.3 1.79305e+06
15226.7 1.75905e+06
15136.5 1.7682e+06
15359.2 1818291
15200.2 1.85483e+06
15261 1.78902e+06
15501.7 1.76716e+06
15044.1 1.757e+06
15180.4 1.81084e+06
15501.4 1.78989e+06
14984.7 1705293
15196 1.78716e+06
15479.3 1.88428e+06
15262.1 1.71947e+06
15420.9 1.8494e+06
15065.6 1.76736e+06
15199.3 1.8235e+06
15332.6 1.9241e+06
14885.5 1.79951e+06
15073.3 1826505
15120 1.71239e+06
15199.5 1.84991e+06
15202.3 1.7583e+06
15069.4 1.76042e+06
14813.2 1.78661e+06
15230 1.80536e+06
14908.9 1.77951e+06
15159.9 1.81172e+06
15404.8 1.95001e+06
15347.9 1.7975e+06
15332.9 1.82993e+06
15054.5 1.77513e+06
15109.2 1.79607e+06
15458.4 1.8551e+06
15385.9 1.74329e+06
15208.9 1.76696e+06
15034.3 1.81331e+06
15290 1.92904e+06
15090.5 1.71293e+06
