87.5 9712.5
86.7 9612.6
87.7 9723.6
87.4 9690.3
87.1 9657
88.7 9845.7
88.3 9801.3
87.8 9756.9
87.5 9712.5
90.2 10012.2
684.8 75990.6
706.3 78454.8
690.5 76601.1
694.3 76978.5
694.7 77078.4
710.6 96281.4
683.8 86657.7
706.1 101709
703.6 78477
686.9 81929.1
3381 402419
3279.8 384482
3200.5 401498
3296.2 395726
3380.4 364768
3382.7 392385
3288.6 393539
3505.6 417460
3401 401687
3468.6 382817
5745.6 664213
5747 734742
5854 807547
5711.3 675135
5738.1 731756
5848 783061
5872.1 763991
5737.1 632511
5685.5 674536
5712.6 720268
6188.3 738161
6254.3 749017
6242.5 763336
6173.3 762348
6094.6 711621
6367.1 752203
6338.1 721633
6210.4 767798
6221.4 772915
6230.8 754778
16790.5 1.97124e+06
17365.6 2.2273e+06
17234.6 2.17877e+06
17627.4 2195136
18039.3 2.15826e+06
17542.8 2.04508e+06
16943 2.60059e+06
16993.1 2.02058e+06
17019 2.09676e+06
17377.3 2.38133e+06
17385.4 2.03345e+06
17616.3 2051280
18468.6 2.05479e+06
17493.1 2.1096e+06
17151.2 2.09629e+06
16882.6 2.02525e+06
18273 2.16135e+06
17641.6 2.02119e+06
17933.9 2.2527e+06
18900.1 2.34076e+06
17857.6 2.34187e+06
20032.5 2.4282e+06
17863.3 2.16921e+06
20428.3 2.0395e+06
22812.8 2.04752e+06
16694.5 2.03188e+06
17586.7 2.10202e+06
22150.7 2.34849e+06
17293.2 2.01464e+06
16971.6 2.0306e+06
17385.5 2.25235e+06
24131.3 3.0126e+06
17703.8 2.14398e+06
17947.8 2.19908e+06
17667.1 2.2568e+06
14869.1 1.72644e+06
16962 1.94116e+06
17569.5 2.09447e+06
16885.2 2.08528e+06
21147.8 2.56026e+06
18102.1 2.21648e+06
17803.8 2.15805e+06
17809.5 2.30321e+06
17941 2.11464e+06
17833.7 2.64794e+06
16549.9 1.94129e+06
17359.4 2.03434e+06
17550.2 2.06019e+06
17707.8 2.0971e+06
17596.4 2207790
20061.2 2.41483e+06
17612.4 2082138
17586 2.24284e+06
18059 2.13039e+06
18370.6 2.24667e+06
16577.2 2032077
17154.9 2.19256e+06
17512.6 2244420
17664.2 2.16282e+06
18086.7 2.2358e+06
